Started at [2021/01/17 08:10]
Config file is /mnt/sdb2/CURRENT_WORKING_DEV/danya2020/web/root/SDK/deploy/deploy--underconst.php

Deploying my site
Error: Missing or invalid 'remote' URL in config. in /mnt/sdb2/CURRENT_WORKING_DEV/danya2020/web/root/vendor/dg/ftp-deployment/src/Deployment/CliRunner.php:118

Exception: Missing or invalid 'remote' URL in config. in /mnt/sdb2/CURRENT_WORKING_DEV/danya2020/web/root/vendor/dg/ftp-deployment/src/Deployment/CliRunner.php:118
Stack trace:
#0 /mnt/sdb2/CURRENT_WORKING_DEV/danya2020/web/root/vendor/dg/ftp-deployment/src/Deployment/CliRunner.php(78): Deployment\CliRunner->createDeployer()
#1 /mnt/sdb2/CURRENT_WORKING_DEV/danya2020/web/root/vendor/dg/ftp-deployment/src/deployment.php(29): Deployment\CliRunner->run()
#2 /mnt/sdb2/CURRENT_WORKING_DEV/danya2020/web/root/vendor/dg/ftp-deployment/deployment(3): require('...')
#3 {main}
Started at [2021/01/17 08:11]
Config file is /mnt/sdb2/CURRENT_WORKING_DEV/danya2020/web/root/SDK/deploy/deploy--underconst.php

Deploying my site
Error: Missing or invalid 'remote' URL in config. in /mnt/sdb2/CURRENT_WORKING_DEV/danya2020/web/root/vendor/dg/ftp-deployment/src/Deployment/CliRunner.php:118

Exception: Missing or invalid 'remote' URL in config. in /mnt/sdb2/CURRENT_WORKING_DEV/danya2020/web/root/vendor/dg/ftp-deployment/src/Deployment/CliRunner.php:118
Stack trace:
#0 /mnt/sdb2/CURRENT_WORKING_DEV/danya2020/web/root/vendor/dg/ftp-deployment/src/Deployment/CliRunner.php(78): Deployment\CliRunner->createDeployer()
#1 /mnt/sdb2/CURRENT_WORKING_DEV/danya2020/web/root/vendor/dg/ftp-deployment/src/deployment.php(29): Deployment\CliRunner->run()
#2 /mnt/sdb2/CURRENT_WORKING_DEV/danya2020/web/root/vendor/dg/ftp-deployment/deployment(3): require('...')
#3 {main}
Started at [2021/01/17 08:12]
Config file is /mnt/sdb2/CURRENT_WORKING_DEV/danya2020/web/root/SDK/deploy/deploy--underconst.php

Deploying my site
Error: Missing or invalid 'remote' URL in config. in /mnt/sdb2/CURRENT_WORKING_DEV/danya2020/web/root/vendor/dg/ftp-deployment/src/Deployment/CliRunner.php:118

Exception: Missing or invalid 'remote' URL in config. in /mnt/sdb2/CURRENT_WORKING_DEV/danya2020/web/root/vendor/dg/ftp-deployment/src/Deployment/CliRunner.php:118
Stack trace:
#0 /mnt/sdb2/CURRENT_WORKING_DEV/danya2020/web/root/vendor/dg/ftp-deployment/src/Deployment/CliRunner.php(78): Deployment\CliRunner->createDeployer()
#1 /mnt/sdb2/CURRENT_WORKING_DEV/danya2020/web/root/vendor/dg/ftp-deployment/src/deployment.php(29): Deployment\CliRunner->run()
#2 /mnt/sdb2/CURRENT_WORKING_DEV/danya2020/web/root/vendor/dg/ftp-deployment/deployment(3): require('...')
#3 {main}
Started at [2021/01/17 08:14]
Config file is /mnt/sdb2/CURRENT_WORKING_DEV/danya2020/web/root/SDK/deploy/deploy--underconst.php

Deploying my site
Note: connection is not encrypted
Error: Invalid URL or missing username or password in /mnt/sdb2/CURRENT_WORKING_DEV/danya2020/web/root/vendor/dg/ftp-deployment/src/Deployment/FtpServer.php:53

InvalidArgumentException: Invalid URL or missing username or password in /mnt/sdb2/CURRENT_WORKING_DEV/danya2020/web/root/vendor/dg/ftp-deployment/src/Deployment/FtpServer.php:53
Stack trace:
#0 /mnt/sdb2/CURRENT_WORKING_DEV/danya2020/web/root/vendor/dg/ftp-deployment/src/Deployment/CliRunner.php(136): Deployment\FtpServer->__construct()
#1 /mnt/sdb2/CURRENT_WORKING_DEV/danya2020/web/root/vendor/dg/ftp-deployment/src/Deployment/CliRunner.php(78): Deployment\CliRunner->createDeployer()
#2 /mnt/sdb2/CURRENT_WORKING_DEV/danya2020/web/root/vendor/dg/ftp-deployment/src/deployment.php(29): Deployment\CliRunner->run()
#3 /mnt/sdb2/CURRENT_WORKING_DEV/danya2020/web/root/vendor/dg/ftp-deployment/deployment(3): require('...')
#4 {main}
Started at [2021/01/17 08:15]
Config file is /mnt/sdb2/CURRENT_WORKING_DEV/danya2020/web/root/SDK/deploy/deploy--underconst.php

Deploying my site
Note: connection is not encrypted
Live mode
Deleting disabled
Connecting to server
Remote .htdeployment file not found
Scanning files in /mnt/sdb2/CURRENT_WORKING_DEV/danya2020/web/root/SDK/underConstruction
Ignoring ./drawing.svg                  

Uploading:
(1 of 4) /index.php
(2 of 4) /.htaccess
(3 of 4) /underConstruction.png
(4 of 4) /.htdeployment
Creating remote file .htdeployment.running

Renaming:
(1 of 4) Renaming /index.php
(2 of 4) Renaming /.htaccess
(3 of 4) Renaming /underConstruction.png
(4 of 4) Renaming /.htdeployment

Deleting remote file .htdeployment.running



Finished at [2021/01/17 08:15] (in 9 seconds)
----------------------------------------------


Started at [2021/01/17 09:15]
Config file is /mnt/sdb2/CURRENT_WORKING_DEV/danya2020/web/root/SDK/deploy/deploy--underconst.php

Deploying my site
Note: connection is not encrypted
Live mode
Deleting disabled
Connecting to server
Remote .htdeployment file not found
Scanning files in /mnt/sdb2/CURRENT_WORKING_DEV/danya2020/web/root/SDK/underConstruction
Ignoring ./drawing.svg                  

Uploading:
(1 of 4) /index.php
(2 of 4) /.htaccess
(3 of 4) /underConstruction.png
(4 of 4) /.htdeployment
Creating remote file .htdeployment.running

Renaming:
(1 of 4) Renaming /index.php
(2 of 4) Renaming /.htaccess
(3 of 4) Renaming /underConstruction.png
(4 of 4) Renaming /.htdeployment

Deleting remote file .htdeployment.running



Finished at [2021/01/17 09:15] (in 9 seconds)
----------------------------------------------


Started at [2021/01/17 10:37]
Config file is /mnt/sdb2/CURRENT_WORKING_DEV/danya2020/web/root/SDK/deploy/deploy--underconst.php

Deploying my site
Note: connection is not encrypted
Live mode
Deleting disabled
Connecting to server
Remote .htdeployment file not found
Scanning files in /mnt/sdb2/CURRENT_WORKING_DEV/danya2020/web/root/SDK/underConstruction
Ignoring ./drawing.svg                  

Uploading:
(1 of 4) /index.php
(2 of 4) /.htaccess
(3 of 4) /underConstruction.png
(4 of 4) /.htdeployment
Creating remote file .htdeployment.running

Renaming:
(1 of 4) Renaming /index.php
(2 of 4) Renaming /.htaccess
(3 of 4) Renaming /underConstruction.png
(4 of 4) Renaming /.htdeployment

Deleting remote file .htdeployment.running



Finished at [2021/01/17 10:37] (in 9 seconds)
----------------------------------------------


