Started at [2021/01/17 11:31]
Config file is /mnt/sdb2/CURRENT_WORKING_DEV/danya2020/web/root/SDK/deploy/deploy--dist.php

Deploying my site
Note: connection is not encrypted
Live mode
Connecting to server
Remote .htdeployment file not found
Scanning files in /mnt/sdb2/CURRENT_WORKING_DEV/danya2020/web/root/dist
Ignoring ./admin/Pages                  
Ignoring ./admin/index.php              
Ignoring ./admin/adminMaster.js         
Ignoring ./admin/Model                  
Ignoring ./admin/JSadmin                
Ignoring ./admin/View                   
Ignoring ./sys/assets/var/.gitkeep      
Ignoring ./sys/assets/fonts/.gitkeep    

Uploading:
(  1 of 191) /admin/
(  2 of 191) /index.php
(  3 of 191) /www/
(  4 of 191) /www/master-l-prod.css.map
(  5 of 191) /www/master-d-prod.css.map
(  6 of 191) /www/master-d-prod.min.css
(  7 of 191) /www/master-l-prod.min.css
(  8 of 191) /www/master.min.js
(  9 of 191) /.htaccess
( 10 of 191) /sys/
( 11 of 191) /sys/assets/
( 12 of 191) /sys/assets/images/
( 13 of 191) /sys/assets/images/images/
( 14 of 191) /sys/assets/images/images/info/
( 15 of 191) /sys/assets/images/images/info/pmlogo.svg
( 16 of 191) /sys/assets/images/images/info/pmlogoMailSuccess.svg
( 17 of 191) /sys/assets/images/images/info/pmlogoMailUnSuccess.svg
( 18 of 191) /sys/assets/images/images/info/pmlogoUnderMaintenance.svg
( 19 of 191) /sys/assets/images/images/info/pmlogoUnderConstruction.svg
( 20 of 191) /sys/assets/images/images/info/pmlogo404.svg
( 21 of 191) /sys/assets/images/images/brand/
( 22 of 191) /sys/assets/images/images/brand/squareLogo.svg
( 23 of 191) /sys/assets/images/images/brand/female.svg
( 24 of 191) /sys/assets/images/images/brand/male.svg
( 25 of 191) /sys/assets/images/images/brand/barLogo.svg
( 26 of 191) /sys/assets/icons/
( 27 of 191) /sys/assets/icons/vector/
( 28 of 191) /sys/assets/icons/vector/trash.svg
( 29 of 191) /sys/assets/icons/vector/17.svg
( 30 of 191) /sys/assets/icons/vector/18.svg
( 31 of 191) /sys/assets/icons/vector/40.svg
( 32 of 191) /sys/assets/icons/vector/3.svg
( 33 of 191) /sys/assets/icons/vector/wa.svg
( 34 of 191) /sys/assets/icons/vector/info.svg
( 35 of 191) /sys/assets/icons/vector/finance.svg
( 36 of 191) /sys/assets/icons/vector/12.svg
( 37 of 191) /sys/assets/icons/vector/30.svg
( 38 of 191) /sys/assets/icons/vector/44.svg
( 39 of 191) /sys/assets/icons/vector/14.svg
( 40 of 191) /sys/assets/icons/vector/0.svg
( 41 of 191) /sys/assets/icons/vector/mails.svg
( 42 of 191) /sys/assets/icons/vector/window-maximize.svg
( 43 of 191) /sys/assets/icons/vector/16.svg
( 44 of 191) /sys/assets/icons/vector/22.svg
( 45 of 191) /sys/assets/icons/vector/mail.svg
( 46 of 191) /sys/assets/icons/vector/31.svg
( 47 of 191) /sys/assets/icons/vector/tel.svg
( 48 of 191) /sys/assets/icons/vector/close.svg
( 49 of 191) /sys/assets/icons/vector/29.svg
( 50 of 191) /sys/assets/icons/vector/print.svg
( 51 of 191) /sys/assets/icons/vector/23.svg
( 52 of 191) /sys/assets/icons/vector/25.svg
( 53 of 191) /sys/assets/icons/vector/exit.svg
( 54 of 191) /sys/assets/icons/vector/15.svg
( 55 of 191) /sys/assets/icons/vector/telega.svg
( 56 of 191) /sys/assets/icons/vector/insta.svg
( 57 of 191) /sys/assets/icons/vector/4.svg
( 58 of 191) /sys/assets/icons/vector/26a.svg
( 59 of 191) /sys/assets/icons/vector/43.svg
( 60 of 191) /sys/assets/icons/vector/25a.svg
( 61 of 191) /sys/assets/icons/vector/27.svg
( 62 of 191) /sys/assets/icons/vector/41.svg
( 63 of 191) /sys/assets/icons/vector/6.svg
( 64 of 191) /sys/assets/icons/vector/33.svg
( 65 of 191) /sys/assets/icons/vector/2.svg
( 66 of 191) /sys/assets/icons/vector/26.svg
( 67 of 191) /sys/assets/icons/vector/37.svg
( 68 of 191) /sys/assets/icons/vector/28.svg
( 69 of 191) /sys/assets/icons/vector/minus-circle.svg
( 70 of 191) /sys/assets/icons/vector/team.svg
( 71 of 191) /sys/assets/icons/vector/trashRed.svg
( 72 of 191) /sys/assets/icons/vector/9.svg
( 73 of 191) /sys/assets/icons/vector/24.svg
( 74 of 191) /sys/assets/icons/vector/twit.svg
( 75 of 191) /sys/assets/icons/vector/35.svg
( 76 of 191) /sys/assets/icons/vector/settings.svg
( 77 of 191) /sys/assets/icons/vector/36.svg
( 78 of 191) /sys/assets/icons/vector/lang.svg
( 79 of 191) /sys/assets/icons/vector/clock.svg
( 80 of 191) /sys/assets/icons/vector/38.svg
( 81 of 191) /sys/assets/icons/vector/date.svg
( 82 of 191) /sys/assets/icons/vector/7.svg
( 83 of 191) /sys/assets/icons/vector/10.svg
( 84 of 191) /sys/assets/icons/vector/window-close.svg
( 85 of 191) /sys/assets/icons/vector/add.svg
( 86 of 191) /sys/assets/icons/vector/pm.svg
( 87 of 191) /sys/assets/icons/vector/17b.svg
( 88 of 191) /sys/assets/icons/vector/13.svg
( 89 of 191) /sys/assets/icons/vector/_doNotDelete.pm
( 90 of 191) /sys/assets/icons/vector/calculator.svg
( 91 of 191) /sys/assets/icons/vector/atach.svg
( 92 of 191) /sys/assets/icons/vector/32.svg
( 93 of 191) /sys/assets/icons/vector/11.svg
( 94 of 191) /sys/assets/icons/vector/100a.svg
( 95 of 191) /sys/assets/icons/vector/100.svg
( 96 of 191) /sys/assets/icons/vector/down.svg
( 97 of 191) /sys/assets/icons/vector/drag.svg
( 98 of 191) /sys/assets/icons/vector/thebility.svg
( 99 of 191) /sys/assets/icons/vector/19.svg
(100 of 191) /sys/assets/icons/vector/up.svg
(101 of 191) /sys/assets/icons/vector/eye.svg
(102 of 191) /sys/assets/icons/vector/39.svg
(103 of 191) /sys/assets/icons/vector/pencil.svg
(104 of 191) /sys/assets/icons/vector/gavel.svg
(105 of 191) /sys/assets/icons/vector/21.svg
(106 of 191) /sys/assets/icons/vector/fb.svg
(107 of 191) /sys/assets/icons/vector/20.svg
(108 of 191) /sys/assets/icons/vector/posts.svg
(109 of 191) /sys/assets/icons/vector/add2.svg
(110 of 191) /sys/assets/icons/vector/42.svg
(111 of 191) /sys/assets/icons/vector/34.svg
(112 of 191) /sys/assets/icons/vector/1.svg
(113 of 191) /sys/assets/favicons/
(114 of 191) /sys/assets/favicons/favicon.ico
(115 of 191) /sys/assets/favicons/safari-pinned-tab.svg
(116 of 191) /sys/assets/favicons/android-chrome-192x192.png
(117 of 191) /sys/assets/favicons/favicon-32x32.png
(118 of 191) /sys/assets/favicons/favicon-16x16.png
(119 of 191) /sys/assets/favicons/browserconfig.xml
(120 of 191) /sys/assets/favicons/android-chrome-512x512.png
(121 of 191) /sys/assets/favicons/mstile-150x150.png
(122 of 191) /sys/assets/favicons/site.webmanifest
(123 of 191) /sys/assets/favicons/apple-touch-icon.png
(124 of 191) /sys/assets/var/
(125 of 191) /sys/assets/videos/
(126 of 191) /sys/assets/videos/videos/
(127 of 191) /sys/assets/videos/videos/page_1/
(128 of 191) /sys/assets/videos/videos/page_1/1.webm
(129 of 191) /sys/assets/fonts/
(130 of 191) /sys/SysInfo/
(131 of 191) /sys/SysInfo/underMaintenance.php
(132 of 191) /sys/SysInfo/mailUnSuccess.php
(133 of 191) /sys/SysInfo/sysInfoTemplate.view.html.php
(134 of 191) /sys/SysInfo/sysInfoTemplate.model.php
(135 of 191) /sys/SysInfo/underConstruction.php
(136 of 191) /sys/SysInfo/404.php
(137 of 191) /sys/SysInfo/mailSuccess.php
(138 of 191) /sys/modules/
(139 of 191) /sys/modules/initModalTranslate.php
(140 of 191) /sys/modules/requires_common.php
(141 of 191) /sys/modules/Blog.class.module.php
(142 of 191) /sys/modules/Page.class.module.php
(143 of 191) /sys/modules/VideoList.class.module.php
(144 of 191) /sys/modules/Email.class.module.php
(145 of 191) /sys/modules/Swiper.class.module.php
(146 of 191) /sys/modules/Team.class.module.php
(147 of 191) /sys/modules/Catalog.class.module.php
(148 of 191) /sys/modules/Agents.class.module.php
(149 of 191) /sys/modules/Files.class.module.php
(150 of 191) /sys/modules/thebility/
(151 of 191) /sys/modules/thebility/thebility.view.php
(152 of 191) /sys/modules/Contacts.class.module.php
(153 of 191) /sys/Pages/
(154 of 191) /sys/Pages/4.page.php
(155 of 191) /sys/Pages/3.page.php
(156 of 191) /sys/Pages/1.page.php
(157 of 191) /sys/Pages/2.page.php
(158 of 191) /sys/helpers/
(159 of 191) /sys/helpers/pmTranslate.fun.php
(160 of 191) /sys/helpers/checkIfIsMobileNow.fun.help.php
(161 of 191) /sys/helpers/pmTranslateEngine.php
(162 of 191) /sys/helpers/pmImg.fun.help.php
(163 of 191) /sys/helpers/Html.class.help.php
(164 of 191) /sys/helpers/sendClientForm.php
(165 of 191) /sys/helpers/path2url.fun.php
(166 of 191) /sys/Controller/
(167 of 191) /sys/Controller/Main.ctrl.php
(168 of 191) /sys/Controller/DB.class.ctrl.php
(169 of 191) /sys/Model/
(170 of 191) /sys/Model/Skeleton.depends.model.php
(171 of 191) /sys/Model/Skeleton.bar.model.php
(172 of 191) /sys/Model/Skeleton.footer.model.php
(173 of 191) /sys/Model/Skeleton.index.model.php
(174 of 191) /sys/Model/startup.model.php
(175 of 191) /sys/Model/Skeleton.nav.model.php
(176 of 191) /sys/OnePager/
(177 of 191) /sys/OnePager/4.page.php
(178 of 191) /sys/OnePager/3.page.php
(179 of 191) /sys/OnePager/1.page.php
(180 of 191) /sys/OnePager/2.page.php
(181 of 191) /sys/View/
(182 of 191) /sys/View/bar_mobile.view.html.php
(183 of 191) /sys/View/footer.view.html.php
(184 of 191) /sys/View/nav.view.html.php
(185 of 191) /sys/View/nav_lang.view.html.php
(186 of 191) /sys/View/logout.view.html.php
(187 of 191) /sys/View/depends.view.html.php
(188 of 191) /sys/View/index.view.html.php
(189 of 191) /sys/View/agree.cookie.view.html.php
(190 of 191) /sys/View/bar_skeleton.view.html.php
(191 of 191) /.htdeployment
Creating remote file .htdeployment.running

Renaming:
(  1 of 166) Renaming /index.php
(  2 of 166) Renaming /www/master-l-prod.css.map
(  3 of 166) Renaming /www/master-d-prod.css.map
(  4 of 166) Renaming /www/master-d-prod.min.css
(  5 of 166) Renaming /www/master-l-prod.min.css
(  6 of 166) Renaming /www/master.min.js
(  7 of 166) Renaming /.htaccess
(  8 of 166) Renaming /sys/assets/images/images/info/pmlogo.svg
(  9 of 166) Renaming /sys/assets/images/images/info/pmlogoMailSuccess.svg
( 10 of 166) Renaming /sys/assets/images/images/info/pmlogoMailUnSuccess.svg
( 11 of 166) Renaming /sys/assets/images/images/info/pmlogoUnderMaintenance.svg
( 12 of 166) Renaming /sys/assets/images/images/info/pmlogoUnderConstruction.svg
( 13 of 166) Renaming /sys/assets/images/images/info/pmlogo404.svg
( 14 of 166) Renaming /sys/assets/images/images/brand/squareLogo.svg
( 15 of 166) Renaming /sys/assets/images/images/brand/female.svg
( 16 of 166) Renaming /sys/assets/images/images/brand/male.svg
( 17 of 166) Renaming /sys/assets/images/images/brand/barLogo.svg
( 18 of 166) Renaming /sys/assets/icons/vector/trash.svg
( 19 of 166) Renaming /sys/assets/icons/vector/17.svg
( 20 of 166) Renaming /sys/assets/icons/vector/18.svg
( 21 of 166) Renaming /sys/assets/icons/vector/40.svg
( 22 of 166) Renaming /sys/assets/icons/vector/3.svg
( 23 of 166) Renaming /sys/assets/icons/vector/wa.svg
( 24 of 166) Renaming /sys/assets/icons/vector/info.svg
( 25 of 166) Renaming /sys/assets/icons/vector/finance.svg
( 26 of 166) Renaming /sys/assets/icons/vector/12.svg
( 27 of 166) Renaming /sys/assets/icons/vector/30.svg
( 28 of 166) Renaming /sys/assets/icons/vector/44.svg
( 29 of 166) Renaming /sys/assets/icons/vector/14.svg
( 30 of 166) Renaming /sys/assets/icons/vector/0.svg
( 31 of 166) Renaming /sys/assets/icons/vector/mails.svg
( 32 of 166) Renaming /sys/assets/icons/vector/window-maximize.svg
( 33 of 166) Renaming /sys/assets/icons/vector/16.svg
( 34 of 166) Renaming /sys/assets/icons/vector/22.svg
( 35 of 166) Renaming /sys/assets/icons/vector/mail.svg
( 36 of 166) Renaming /sys/assets/icons/vector/31.svg
( 37 of 166) Renaming /sys/assets/icons/vector/tel.svg
( 38 of 166) Renaming /sys/assets/icons/vector/close.svg
( 39 of 166) Renaming /sys/assets/icons/vector/29.svg
( 40 of 166) Renaming /sys/assets/icons/vector/print.svg
( 41 of 166) Renaming /sys/assets/icons/vector/23.svg
( 42 of 166) Renaming /sys/assets/icons/vector/25.svg
( 43 of 166) Renaming /sys/assets/icons/vector/exit.svg
( 44 of 166) Renaming /sys/assets/icons/vector/15.svg
( 45 of 166) Renaming /sys/assets/icons/vector/telega.svg
( 46 of 166) Renaming /sys/assets/icons/vector/insta.svg
( 47 of 166) Renaming /sys/assets/icons/vector/4.svg
( 48 of 166) Renaming /sys/assets/icons/vector/26a.svg
( 49 of 166) Renaming /sys/assets/icons/vector/43.svg
( 50 of 166) Renaming /sys/assets/icons/vector/25a.svg
( 51 of 166) Renaming /sys/assets/icons/vector/27.svg
( 52 of 166) Renaming /sys/assets/icons/vector/41.svg
( 53 of 166) Renaming /sys/assets/icons/vector/6.svg
( 54 of 166) Renaming /sys/assets/icons/vector/33.svg
( 55 of 166) Renaming /sys/assets/icons/vector/2.svg
( 56 of 166) Renaming /sys/assets/icons/vector/26.svg
( 57 of 166) Renaming /sys/assets/icons/vector/37.svg
( 58 of 166) Renaming /sys/assets/icons/vector/28.svg
( 59 of 166) Renaming /sys/assets/icons/vector/minus-circle.svg
( 60 of 166) Renaming /sys/assets/icons/vector/team.svg
( 61 of 166) Renaming /sys/assets/icons/vector/trashRed.svg
( 62 of 166) Renaming /sys/assets/icons/vector/9.svg
( 63 of 166) Renaming /sys/assets/icons/vector/24.svg
( 64 of 166) Renaming /sys/assets/icons/vector/twit.svg
( 65 of 166) Renaming /sys/assets/icons/vector/35.svg
( 66 of 166) Renaming /sys/assets/icons/vector/settings.svg
( 67 of 166) Renaming /sys/assets/icons/vector/36.svg
( 68 of 166) Renaming /sys/assets/icons/vector/lang.svg
( 69 of 166) Renaming /sys/assets/icons/vector/clock.svg
( 70 of 166) Renaming /sys/assets/icons/vector/38.svg
( 71 of 166) Renaming /sys/assets/icons/vector/date.svg
( 72 of 166) Renaming /sys/assets/icons/vector/7.svg
( 73 of 166) Renaming /sys/assets/icons/vector/10.svg
( 74 of 166) Renaming /sys/assets/icons/vector/window-close.svg
( 75 of 166) Renaming /sys/assets/icons/vector/add.svg
( 76 of 166) Renaming /sys/assets/icons/vector/pm.svg
( 77 of 166) Renaming /sys/assets/icons/vector/17b.svg
( 78 of 166) Renaming /sys/assets/icons/vector/13.svg
( 79 of 166) Renaming /sys/assets/icons/vector/_doNotDelete.pm
( 80 of 166) Renaming /sys/assets/icons/vector/calculator.svg
( 81 of 166) Renaming /sys/assets/icons/vector/atach.svg
( 82 of 166) Renaming /sys/assets/icons/vector/32.svg
( 83 of 166) Renaming /sys/assets/icons/vector/11.svg
( 84 of 166) Renaming /sys/assets/icons/vector/100a.svg
( 85 of 166) Renaming /sys/assets/icons/vector/100.svg
( 86 of 166) Renaming /sys/assets/icons/vector/down.svg
( 87 of 166) Renaming /sys/assets/icons/vector/drag.svg
( 88 of 166) Renaming /sys/assets/icons/vector/thebility.svg
( 89 of 166) Renaming /sys/assets/icons/vector/19.svg
( 90 of 166) Renaming /sys/assets/icons/vector/up.svg
( 91 of 166) Renaming /sys/assets/icons/vector/eye.svg
( 92 of 166) Renaming /sys/assets/icons/vector/39.svg
( 93 of 166) Renaming /sys/assets/icons/vector/pencil.svg
( 94 of 166) Renaming /sys/assets/icons/vector/gavel.svg
( 95 of 166) Renaming /sys/assets/icons/vector/21.svg
( 96 of 166) Renaming /sys/assets/icons/vector/fb.svg
( 97 of 166) Renaming /sys/assets/icons/vector/20.svg
( 98 of 166) Renaming /sys/assets/icons/vector/posts.svg
( 99 of 166) Renaming /sys/assets/icons/vector/add2.svg
(100 of 166) Renaming /sys/assets/icons/vector/42.svg
(101 of 166) Renaming /sys/assets/icons/vector/34.svg
(102 of 166) Renaming /sys/assets/icons/vector/1.svg
(103 of 166) Renaming /sys/assets/favicons/favicon.ico
(104 of 166) Renaming /sys/assets/favicons/safari-pinned-tab.svg
(105 of 166) Renaming /sys/assets/favicons/android-chrome-192x192.png
(106 of 166) Renaming /sys/assets/favicons/favicon-32x32.png
(107 of 166) Renaming /sys/assets/favicons/favicon-16x16.png
(108 of 166) Renaming /sys/assets/favicons/browserconfig.xml
(109 of 166) Renaming /sys/assets/favicons/android-chrome-512x512.png
(110 of 166) Renaming /sys/assets/favicons/mstile-150x150.png
(111 of 166) Renaming /sys/assets/favicons/site.webmanifest
(112 of 166) Renaming /sys/assets/favicons/apple-touch-icon.png
(113 of 166) Renaming /sys/assets/videos/videos/page_1/1.webm
(114 of 166) Renaming /sys/SysInfo/underMaintenance.php
(115 of 166) Renaming /sys/SysInfo/mailUnSuccess.php
(116 of 166) Renaming /sys/SysInfo/sysInfoTemplate.view.html.php
(117 of 166) Renaming /sys/SysInfo/sysInfoTemplate.model.php
(118 of 166) Renaming /sys/SysInfo/underConstruction.php
(119 of 166) Renaming /sys/SysInfo/404.php
(120 of 166) Renaming /sys/SysInfo/mailSuccess.php
(121 of 166) Renaming /sys/modules/initModalTranslate.php
(122 of 166) Renaming /sys/modules/requires_common.php
(123 of 166) Renaming /sys/modules/Blog.class.module.php
(124 of 166) Renaming /sys/modules/Page.class.module.php
(125 of 166) Renaming /sys/modules/VideoList.class.module.php
(126 of 166) Renaming /sys/modules/Email.class.module.php
(127 of 166) Renaming /sys/modules/Swiper.class.module.php
(128 of 166) Renaming /sys/modules/Team.class.module.php
(129 of 166) Renaming /sys/modules/Catalog.class.module.php
(130 of 166) Renaming /sys/modules/Agents.class.module.php
(131 of 166) Renaming /sys/modules/Files.class.module.php
(132 of 166) Renaming /sys/modules/thebility/thebility.view.php
(133 of 166) Renaming /sys/modules/Contacts.class.module.php
(134 of 166) Renaming /sys/Pages/4.page.php
(135 of 166) Renaming /sys/Pages/3.page.php
(136 of 166) Renaming /sys/Pages/1.page.php
(137 of 166) Renaming /sys/Pages/2.page.php
(138 of 166) Renaming /sys/helpers/pmTranslate.fun.php
(139 of 166) Renaming /sys/helpers/checkIfIsMobileNow.fun.help.php
(140 of 166) Renaming /sys/helpers/pmTranslateEngine.php
(141 of 166) Renaming /sys/helpers/pmImg.fun.help.php
(142 of 166) Renaming /sys/helpers/Html.class.help.php
(143 of 166) Renaming /sys/helpers/sendClientForm.php
(144 of 166) Renaming /sys/helpers/path2url.fun.php
(145 of 166) Renaming /sys/Controller/Main.ctrl.php
(146 of 166) Renaming /sys/Controller/DB.class.ctrl.php
(147 of 166) Renaming /sys/Model/Skeleton.depends.model.php
(148 of 166) Renaming /sys/Model/Skeleton.bar.model.php
(149 of 166) Renaming /sys/Model/Skeleton.footer.model.php
(150 of 166) Renaming /sys/Model/Skeleton.index.model.php
(151 of 166) Renaming /sys/Model/startup.model.php
(152 of 166) Renaming /sys/Model/Skeleton.nav.model.php
(153 of 166) Renaming /sys/OnePager/4.page.php
(154 of 166) Renaming /sys/OnePager/3.page.php
(155 of 166) Renaming /sys/OnePager/1.page.php
(156 of 166) Renaming /sys/OnePager/2.page.php
(157 of 166) Renaming /sys/View/bar_mobile.view.html.php
(158 of 166) Renaming /sys/View/footer.view.html.php
(159 of 166) Renaming /sys/View/nav.view.html.php
(160 of 166) Renaming /sys/View/nav_lang.view.html.php
(161 of 166) Renaming /sys/View/logout.view.html.php
(162 of 166) Renaming /sys/View/depends.view.html.php
(163 of 166) Renaming /sys/View/index.view.html.php
(164 of 166) Renaming /sys/View/agree.cookie.view.html.php
(165 of 166) Renaming /sys/View/bar_skeleton.view.html.php
(166 of 166) Renaming /.htdeployment

Deleting remote file .htdeployment.running



Finished at [2021/01/17 11:36] (in 310 seconds)
----------------------------------------------


Started at [2021/01/18 11:36]
Config file is /mnt/sdb2/CURRENT_WORKING_DEV/danya2020/web/root/SDK/deploy/deploy--dist.php

Deploying my site
Note: connection is not encrypted
Live mode
Connecting to server
Loaded remote .htdeployment file
Scanning files in /mnt/sdb2/CURRENT_WORKING_DEV/danya2020/web/root/dist
Ignoring ./admin/Pages                  
Ignoring ./admin/index.php              
Ignoring ./admin/adminMaster.js         
Ignoring ./admin/Model                  
Ignoring ./admin/JSadmin                
Ignoring ./admin/View                   
Ignoring ./sys/assets/var/.gitkeep      
Ignoring ./sys/assets/fonts/.gitkeep    

Uploading:
(1 of 9) /www/master-l-prod.css.map
(2 of 9) /www/master-d-prod.css.map
(3 of 9) /www/master-d-prod.min.css
(4 of 9) /www/master-l-prod.min.css
(5 of 9) /www/master.min.js
(6 of 9) /sys/assets/videos/videos/page_1/1.webm
(7 of 9) /sys/modules/thebility/thebility.view.php
(8 of 9) /sys/Model/Skeleton.nav.model.php
(9 of 9) /.htdeployment
Creating remote file .htdeployment.running

Renaming:
(1 of 9) Renaming /www/master-l-prod.css.map
(2 of 9) Renaming /www/master-d-prod.css.map
(3 of 9) Renaming /www/master-d-prod.min.css
(4 of 9) Renaming /www/master-l-prod.min.css
(5 of 9) Renaming /www/master.min.js
(6 of 9) Renaming /sys/assets/videos/videos/page_1/1.webm
(7 of 9) Renaming /sys/modules/thebility/thebility.view.php
(8 of 9) Renaming /sys/Model/Skeleton.nav.model.php
(9 of 9) Renaming /.htdeployment

Deleting remote file .htdeployment.running



Finished at [2021/01/18 11:36] (in 20 seconds)
----------------------------------------------


Started at [2021/01/18 15:13]
Config file is /mnt/sdb2/CURRENT_WORKING_DEV/danya2020/web/root/SDK/deploy/deploy--dist.php

Deploying my site
Note: connection is not encrypted
Live mode
Connecting to server
Loaded remote .htdeployment file
Scanning files in /mnt/sdb2/CURRENT_WORKING_DEV/danya2020/web/root/dist
Ignoring ./admin/Pages                  
Ignoring ./admin/index.php              
Ignoring ./admin/adminMaster.js         
Ignoring ./admin/Model                  
Ignoring ./admin/JSadmin                
Ignoring ./admin/View                   
Ignoring ./sys/assets/var/.gitkeep      
Ignoring ./sys/assets/fonts/.gitkeep    

Uploading:
( 1 of 23) /www/master-l-prod.css.map
( 2 of 23) /www/master-d-prod.css.map
( 3 of 23) /www/master-d-prod.min.css
( 4 of 23) /www/master-l-prod.min.css
( 5 of 23) /sys/assets/images/images/page_2/
( 6 of 23) /sys/assets/images/images/page_2/portfolio/
( 7 of 23) /sys/assets/images/images/page_2/portfolio/6.png
( 8 of 23) /sys/assets/images/images/page_2/portfolio/1.png
( 9 of 23) /sys/assets/images/images/page_2/portfolio/1.webp
(10 of 23) /sys/assets/images/images/page_2/portfolio/3.webp
(11 of 23) /sys/assets/images/images/page_2/portfolio/5.webp
(12 of 23) /sys/assets/images/images/page_2/portfolio/4.png
(13 of 23) /sys/assets/images/images/page_2/portfolio/4.webp
(14 of 23) /sys/assets/images/images/page_2/portfolio/5.png
(15 of 23) /sys/assets/images/images/page_2/portfolio/3.png
(16 of 23) /sys/assets/images/images/page_2/portfolio/2.webp
(17 of 23) /sys/assets/images/images/page_2/portfolio/2.png
(18 of 23) /sys/assets/images/images/page_2/portfolio/6.webp
(19 of 23) /sys/modules/Files.class.module.php
(20 of 23) /sys/Pages/1.page.php
(21 of 23) /sys/OnePager/1.page.php
(22 of 23) /sys/OnePager/2.page.php
(23 of 23) /.htdeployment
Creating remote file .htdeployment.running

Renaming:
( 1 of 21) Renaming /www/master-l-prod.css.map
( 2 of 21) Renaming /www/master-d-prod.css.map
( 3 of 21) Renaming /www/master-d-prod.min.css
( 4 of 21) Renaming /www/master-l-prod.min.css
( 5 of 21) Renaming /sys/assets/images/images/page_2/portfolio/6.png
( 6 of 21) Renaming /sys/assets/images/images/page_2/portfolio/1.png
( 7 of 21) Renaming /sys/assets/images/images/page_2/portfolio/1.webp
( 8 of 21) Renaming /sys/assets/images/images/page_2/portfolio/3.webp
( 9 of 21) Renaming /sys/assets/images/images/page_2/portfolio/5.webp
(10 of 21) Renaming /sys/assets/images/images/page_2/portfolio/4.png
(11 of 21) Renaming /sys/assets/images/images/page_2/portfolio/4.webp
(12 of 21) Renaming /sys/assets/images/images/page_2/portfolio/5.png
(13 of 21) Renaming /sys/assets/images/images/page_2/portfolio/3.png
(14 of 21) Renaming /sys/assets/images/images/page_2/portfolio/2.webp
(15 of 21) Renaming /sys/assets/images/images/page_2/portfolio/2.png
(16 of 21) Renaming /sys/assets/images/images/page_2/portfolio/6.webp
(17 of 21) Renaming /sys/modules/Files.class.module.php
(18 of 21) Renaming /sys/Pages/1.page.php
(19 of 21) Renaming /sys/OnePager/1.page.php
(20 of 21) Renaming /sys/OnePager/2.page.php
(21 of 21) Renaming /.htdeployment

Deleting:
(1 of 3) Deleting /sys/Pages/4.page.php
(2 of 3) Deleting /sys/Pages/3.page.php
(3 of 3) Deleting /sys/Pages/2.page.php

Deleting remote file .htdeployment.running



Finished at [2021/01/18 15:15] (in 71 seconds)
----------------------------------------------


Started at [2021/01/19 08:12]
Config file is /mnt/sdb2/CURRENT_WORKING_DEV/danya2020/web/root/SDK/deploy/deploy--dist.php

Deploying my site
Note: connection is not encrypted
Live mode
Connecting to server
Loaded remote .htdeployment file
Scanning files in /mnt/sdb2/CURRENT_WORKING_DEV/danya2020/web/root/dist
Ignoring ./admin/Pages                  
Ignoring ./admin/index.php              
Ignoring ./admin/adminMaster.js         
Ignoring ./admin/Model                  
Ignoring ./admin/JSadmin                
Ignoring ./admin/View                   
Ignoring ./sys/assets/var/.gitkeep      
Ignoring ./sys/assets/fonts/.gitkeep    

Uploading:
(1 of 6) /www/master-l-prod.css.map
(2 of 6) /www/master-d-prod.css.map
(3 of 6) /www/master-d-prod.min.css
(4 of 6) /www/master-l-prod.min.css
(5 of 6) /www/master.min.js
(6 of 6) /.htdeployment
Creating remote file .htdeployment.running

Renaming:
(1 of 6) Renaming /www/master-l-prod.css.map
(2 of 6) Renaming /www/master-d-prod.css.map
(3 of 6) Renaming /www/master-d-prod.min.css
(4 of 6) Renaming /www/master-l-prod.min.css
(5 of 6) Renaming /www/master.min.js
(6 of 6) Renaming /.htdeployment

Deleting remote file .htdeployment.running



Finished at [2021/01/19 08:12] (in 12 seconds)
----------------------------------------------


Started at [2021/01/19 16:57]
Config file is /mnt/sdb2/CURRENT_WORKING_DEV/danya2020/web/root/SDK/deploy/deploy--dist.php

Deploying my site
Note: connection is not encrypted
Live mode
Connecting to server
Loaded remote .htdeployment file
Scanning files in /mnt/sdb2/CURRENT_WORKING_DEV/danya2020/web/root/dist
Ignoring ./admin/Pages                  
Ignoring ./admin/index.php              
Ignoring ./admin/adminMaster.js         
Ignoring ./admin/Model                  
Ignoring ./admin/JSadmin                
Ignoring ./admin/View                   
Ignoring ./sys/assets/var/.gitkeep      
Ignoring ./sys/assets/fonts/.gitkeep    

Uploading:
( 1 of 30) /www/master-l-prod.css.map
( 2 of 30) /www/master-d-prod.css.map
( 3 of 30) /www/master-d-prod.min.css
( 4 of 30) /www/master-l-prod.min.css
( 5 of 30) /www/master.min.js
( 6 of 30) /sys/assets/images/images/page_3/
( 7 of 30) /sys/assets/images/images/page_3/1.png
( 8 of 30) /sys/assets/images/images/page_3/1.webp
( 9 of 30) /sys/assets/icons/vector/custom/
(10 of 30) /sys/assets/icons/vector/custom/wa.svg
(11 of 30) /sys/assets/icons/vector/custom/mail.svg
(12 of 30) /sys/assets/icons/vector/custom/telega.svg
(13 of 30) /sys/assets/icons/vector/custom/insta.svg
(14 of 30) /sys/assets/icons/vector/custom/twit.svg
(15 of 30) /sys/assets/icons/vector/custom/yt.svg
(16 of 30) /sys/assets/icons/vector/custom/fb.svg
(17 of 30) /sys/assets/icons/vector/waze.svg
(18 of 30) /sys/assets/icons/vector/waze2.svg
(19 of 30) /sys/assets/icons/vector/yt.svg
(20 of 30) /sys/assets/videos/videos/page_3/
(21 of 30) /sys/assets/videos/videos/page_3/3.webm
(22 of 30) /sys/assets/videos/videos/page_3/4.webm
(23 of 30) /sys/assets/videos/videos/page_3/1.webm
(24 of 30) /sys/assets/videos/videos/page_3/2.webm
(25 of 30) /sys/modules/Page.class.module.php
(26 of 30) /sys/OnePager/4.page.php
(27 of 30) /sys/OnePager/3.page.php
(28 of 30) /sys/OnePager/1.page.php
(29 of 30) /sys/OnePager/2.page.php
(30 of 30) /.htdeployment
Creating remote file .htdeployment.running

Renaming:
( 1 of 27) Renaming /www/master-l-prod.css.map
( 2 of 27) Renaming /www/master-d-prod.css.map
( 3 of 27) Renaming /www/master-d-prod.min.css
( 4 of 27) Renaming /www/master-l-prod.min.css
( 5 of 27) Renaming /www/master.min.js
( 6 of 27) Renaming /sys/assets/images/images/page_3/1.png
( 7 of 27) Renaming /sys/assets/images/images/page_3/1.webp
( 8 of 27) Renaming /sys/assets/icons/vector/custom/wa.svg
( 9 of 27) Renaming /sys/assets/icons/vector/custom/mail.svg
(10 of 27) Renaming /sys/assets/icons/vector/custom/telega.svg
(11 of 27) Renaming /sys/assets/icons/vector/custom/insta.svg
(12 of 27) Renaming /sys/assets/icons/vector/custom/twit.svg
(13 of 27) Renaming /sys/assets/icons/vector/custom/yt.svg
(14 of 27) Renaming /sys/assets/icons/vector/custom/fb.svg
(15 of 27) Renaming /sys/assets/icons/vector/waze.svg
(16 of 27) Renaming /sys/assets/icons/vector/waze2.svg
(17 of 27) Renaming /sys/assets/icons/vector/yt.svg
(18 of 27) Renaming /sys/assets/videos/videos/page_3/3.webm
(19 of 27) Renaming /sys/assets/videos/videos/page_3/4.webm
(20 of 27) Renaming /sys/assets/videos/videos/page_3/1.webm
(21 of 27) Renaming /sys/assets/videos/videos/page_3/2.webm
(22 of 27) Renaming /sys/modules/Page.class.module.php
(23 of 27) Renaming /sys/OnePager/4.page.php
(24 of 27) Renaming /sys/OnePager/3.page.php
(25 of 27) Renaming /sys/OnePager/1.page.php
(26 of 27) Renaming /sys/OnePager/2.page.php
(27 of 27) Renaming /.htdeployment

Deleting remote file .htdeployment.running



Finished at [2021/01/19 16:58] (in 71 seconds)
----------------------------------------------


Started at [2021/01/19 21:47]
Config file is /mnt/sdb2/CURRENT_WORKING_DEV/danya2020/web/root/SDK/deploy/deploy--dist.php

Deploying my site
Note: connection is not encrypted
Live mode
Connecting to server
Loaded remote .htdeployment file
Scanning files in /mnt/sdb2/CURRENT_WORKING_DEV/danya2020/web/root/dist
Ignoring ./admin/Pages                  
Ignoring ./admin/index.php              
Ignoring ./admin/adminMaster.js         
Ignoring ./admin/Model                  
Ignoring ./admin/JSadmin                
Ignoring ./admin/View                   
Ignoring ./sys/assets/var/.gitkeep      
Ignoring ./sys/assets/fonts/.gitkeep    

Uploading:
(1 of 8) /www/master-l-prod.css.map
(2 of 8) /www/master-d-prod.css.map
(3 of 8) /www/master-d-prod.min.css
(4 of 8) /www/master-l-prod.min.css
(5 of 8) /www/master.min.js
(6 of 8) /sys/assets/icons/vector/custom/f21.svg
(7 of 8) /sys/OnePager/4.page.php
(8 of 8) /.htdeployment
Creating remote file .htdeployment.running

Renaming:
(1 of 8) Renaming /www/master-l-prod.css.map
(2 of 8) Renaming /www/master-d-prod.css.map
(3 of 8) Renaming /www/master-d-prod.min.css
(4 of 8) Renaming /www/master-l-prod.min.css
(5 of 8) Renaming /www/master.min.js
(6 of 8) Renaming /sys/assets/icons/vector/custom/f21.svg
(7 of 8) Renaming /sys/OnePager/4.page.php
(8 of 8) Renaming /.htdeployment

Deleting remote file .htdeployment.running



Finished at [2021/01/19 21:47] (in 17 seconds)
----------------------------------------------


