Started at [2021/01/17 09:15]
Config file is /mnt/sdb2/CURRENT_WORKING_DEV/danya2020/web/root/SDK/deploy/deploy--config.php

Deploying my site
Note: connection is not encrypted
Live mode
Deleting disabled
Connecting to server
Loaded remote .htdeployment file
Scanning files in /mnt/sdb2/CURRENT_WORKING_DEV/danya2020/web
Not included ./testpm.txt               
Not included ./Site Layout.pdf          
Not included ./root                     
Not included ./danya2020.code-workspace 

Uploading:
(1 of 2) /config.ini.php
(2 of 2) /.htdeployment
Creating remote file .htdeployment.running

Renaming:
(1 of 2) Renaming /config.ini.php
(2 of 2) Renaming /.htdeployment

Deleting remote file .htdeployment.running



Finished at [2021/01/17 09:15] (in 5 seconds)
----------------------------------------------


Started at [2021/01/17 10:37]
Config file is /mnt/sdb2/CURRENT_WORKING_DEV/danya2020/web/root/SDK/deploy/deploy--config.php

Deploying my site
Note: connection is not encrypted
Live mode
Deleting disabled
Connecting to server
Loaded remote .htdeployment file
Scanning files in /mnt/sdb2/CURRENT_WORKING_DEV/danya2020/web
Not included ./testpm.txt               
Not included ./Site Layout.pdf          
Not included ./root                     
Not included ./danya2020.code-workspace 
Already synchronized.



Finished at [2021/01/17 10:37] (in 1 seconds)
----------------------------------------------


Started at [2021/01/17 11:45]
Config file is /mnt/sdb2/CURRENT_WORKING_DEV/danya2020/web/root/SDK/deploy/deploy--config.php

Deploying my site
Note: connection is not encrypted
Live mode
Connecting to server
Loaded remote .htdeployment file
Scanning files in /mnt/sdb2/CURRENT_WORKING_DEV/danya2020/web
Not included ./testpm.txt               
Not included ./Site Layout.pdf          
Not included ./root                     
Not included ./danya2020.code-workspace 
Already synchronized.



Finished at [2021/01/17 11:45] (in 1 seconds)
----------------------------------------------


Started at [2021/01/17 11:45]
Config file is /mnt/sdb2/CURRENT_WORKING_DEV/danya2020/web/root/SDK/deploy/deploy--config.php

Deploying my site
Note: connection is not encrypted
Live mode
Connecting to server
Loaded remote .htdeployment file
Scanning files in /mnt/sdb2/CURRENT_WORKING_DEV/danya2020/web
Not included ./testpm.txt               
Not included ./Site Layout.pdf          
Not included ./root                     
Not included ./danya2020.code-workspace 
Already synchronized.



Finished at [2021/01/17 11:45] (in 2 seconds)
----------------------------------------------


Started at [2021/01/17 11:46]
Config file is /mnt/sdb2/CURRENT_WORKING_DEV/danya2020/web/root/SDK/deploy/deploy--config.php

Deploying my site
Note: connection is not encrypted
Live mode
Connecting to server
Loaded remote .htdeployment file
Scanning files in /mnt/sdb2/CURRENT_WORKING_DEV/danya2020/web
Not included ./Site Layout.pdf          
Not included ./root                     
Not included ./danya2020.code-workspace 
Already synchronized.



Finished at [2021/01/17 11:46] (in 2 seconds)
----------------------------------------------


Started at [2021/01/17 11:48]
Config file is /mnt/sdb2/CURRENT_WORKING_DEV/danya2020/web/root/SDK/deploy/deploy--config.php

Deploying my site
Note: connection is not encrypted
Live mode
Connecting to server
Loaded remote .htdeployment file
Scanning files in /mnt/sdb2/CURRENT_WORKING_DEV/danya2020/web
Not included ./Site Layout.pdf          
Not included ./root                     
Not included ./danya2020.code-workspace 
Already synchronized.



Finished at [2021/01/17 11:48] (in 1 seconds)
----------------------------------------------


Started at [2021/01/17 11:48]
Config file is /mnt/sdb2/CURRENT_WORKING_DEV/danya2020/web/root/SDK/deploy/deploy--config.php

Deploying my site
Note: connection is not encrypted
Live mode
Connecting to server
Remote .htdeployment file not found
Scanning files in /mnt/sdb2/CURRENT_WORKING_DEV/danya2020/web
Not included ./Site Layout.pdf          
Not included ./root                     
Not included ./danya2020.code-workspace 

Uploading:
(1 of 2) /config.ini.php
(2 of 2) /.htdeployment
Creating remote file .htdeployment.running

Renaming:
(1 of 2) Renaming /config.ini.php
(2 of 2) Renaming /.htdeployment

Deleting remote file .htdeployment.running



Finished at [2021/01/17 11:48] (in 5 seconds)
----------------------------------------------


