Started at [2020/04/11 19:24]
Config file is /mnt/sdb2/CURRENT_WORKING_DEV/f21app2020/root/deploy/deploy--noassets.php

Deploying my site
Note: connection is not encrypted
Live mode
Connecting to server
Remote .htdeployment file not found
Scanning files in /mnt/sdb2/CURRENT_WORKING_DEV/f21app2020/root/dist/sys
Ignoring ./assets                       

Uploading:
( 1 of 60) /SysInfo/
( 2 of 60) /SysInfo/underMaintenance.php
( 3 of 60) /SysInfo/mailUnSuccess.php
( 4 of 60) /SysInfo/sysInfoTemplate.view.html.php
( 5 of 60) /SysInfo/sysInfoTemplate.model.php
( 6 of 60) /SysInfo/underConstruction.php
( 7 of 60) /SysInfo/404.php
( 8 of 60) /SysInfo/mailSuccess.php
( 9 of 60) /modules/
(10 of 60) /modules/initModalTranslate.php
(11 of 60) /modules/Page.class.module.php
(12 of 60) /modules/VideoList.class.module.php
(13 of 60) /modules/Email.class.module.php
(14 of 60) /modules/Swiper.class.module.php
(15 of 60) /modules/Team.class.module.php
(16 of 60) /modules/Files.class.module.php
(17 of 60) /modules/thebility/
(18 of 60) /modules/thebility/thebility.view.php
(19 of 60) /modules/Contacts.class.module.php
(20 of 60) /Pages/
(21 of 60) /Pages/8.page.php
(22 of 60) /Pages/11.page.php
(23 of 60) /Pages/12.page.php
(24 of 60) /Pages/6.page.php
(25 of 60) /Pages/10.page.php
(26 of 60) /Pages/7.page.php
(27 of 60) /Pages/4.page.php
(28 of 60) /Pages/5.page.php
(29 of 60) /Pages/11_sendMail.php
(30 of 60) /Pages/3.page.php
(31 of 60) /Pages/9.page.php
(32 of 60) /Pages/1.page.php
(33 of 60) /Pages/2.page.php
(34 of 60) /helpers/
(35 of 60) /helpers/pmTranslate.fun.php
(36 of 60) /helpers/checkIfIsMobileNow.fun.help.php
(37 of 60) /helpers/pmTranslateEngine.php
(38 of 60) /helpers/Html.class.help.php
(39 of 60) /helpers/path2url.fun.php
(40 of 60) /Controller/
(41 of 60) /Controller/Main.ctrl.php
(42 of 60) /Controller/DB.class.ctrl.php
(43 of 60) /Model/
(44 of 60) /Model/Skeleton.depends.model.php
(45 of 60) /Model/Skeleton.bar.model.php
(46 of 60) /Model/Skeleton.footer.model.php
(47 of 60) /Model/Skeleton.index.model.php
(48 of 60) /Model/startup.model.php
(49 of 60) /Model/Skeleton.nav.model.php
(50 of 60) /View/
(51 of 60) /View/bar_mobile.view.html.php
(52 of 60) /View/footer.view.html.php
(53 of 60) /View/nav.view.html.php
(54 of 60) /View/nav_lang.view.html.php
(55 of 60) /View/logout.view.html.php
(56 of 60) /View/depends.view.html.php
(57 of 60) /View/index.view.html.php
(58 of 60) /View/agree.cookie.view.html.php
(59 of 60) /View/bar_skeleton.view.html.php
(60 of 60) /.htdeployment
Creating remote file .htdeployment.running

Renaming:
( 1 of 52) Renaming /SysInfo/underMaintenance.php
( 2 of 52) Renaming /SysInfo/mailUnSuccess.php
( 3 of 52) Renaming /SysInfo/sysInfoTemplate.view.html.php
( 4 of 52) Renaming /SysInfo/sysInfoTemplate.model.php
( 5 of 52) Renaming /SysInfo/underConstruction.php
( 6 of 52) Renaming /SysInfo/404.php
( 7 of 52) Renaming /SysInfo/mailSuccess.php
( 8 of 52) Renaming /modules/initModalTranslate.php
( 9 of 52) Renaming /modules/Page.class.module.php
(10 of 52) Renaming /modules/VideoList.class.module.php
(11 of 52) Renaming /modules/Email.class.module.php
(12 of 52) Renaming /modules/Swiper.class.module.php
(13 of 52) Renaming /modules/Team.class.module.php
(14 of 52) Renaming /modules/Files.class.module.php
(15 of 52) Renaming /modules/thebility/thebility.view.php
(16 of 52) Renaming /modules/Contacts.class.module.php
(17 of 52) Renaming /Pages/8.page.php
(18 of 52) Renaming /Pages/11.page.php
(19 of 52) Renaming /Pages/12.page.php
(20 of 52) Renaming /Pages/6.page.php
(21 of 52) Renaming /Pages/10.page.php
(22 of 52) Renaming /Pages/7.page.php
(23 of 52) Renaming /Pages/4.page.php
(24 of 52) Renaming /Pages/5.page.php
(25 of 52) Renaming /Pages/11_sendMail.php
(26 of 52) Renaming /Pages/3.page.php
(27 of 52) Renaming /Pages/9.page.php
(28 of 52) Renaming /Pages/1.page.php
(29 of 52) Renaming /Pages/2.page.php
(30 of 52) Renaming /helpers/pmTranslate.fun.php
(31 of 52) Renaming /helpers/checkIfIsMobileNow.fun.help.php
(32 of 52) Renaming /helpers/pmTranslateEngine.php
(33 of 52) Renaming /helpers/Html.class.help.php
(34 of 52) Renaming /helpers/path2url.fun.php
(35 of 52) Renaming /Controller/Main.ctrl.php
(36 of 52) Renaming /Controller/DB.class.ctrl.php
(37 of 52) Renaming /Model/Skeleton.depends.model.php
(38 of 52) Renaming /Model/Skeleton.bar.model.php
(39 of 52) Renaming /Model/Skeleton.footer.model.php
(40 of 52) Renaming /Model/Skeleton.index.model.php
(41 of 52) Renaming /Model/startup.model.php
(42 of 52) Renaming /Model/Skeleton.nav.model.php
(43 of 52) Renaming /View/bar_mobile.view.html.php
(44 of 52) Renaming /View/footer.view.html.php
(45 of 52) Renaming /View/nav.view.html.php
(46 of 52) Renaming /View/nav_lang.view.html.php
(47 of 52) Renaming /View/logout.view.html.php
(48 of 52) Renaming /View/depends.view.html.php
(49 of 52) Renaming /View/index.view.html.php
(50 of 52) Renaming /View/agree.cookie.view.html.php
(51 of 52) Renaming /View/bar_skeleton.view.html.php
(52 of 52) Renaming /.htdeployment

Deleting remote file .htdeployment.running



Finished at [2020/04/11 19:26] (in 65 seconds)
----------------------------------------------


