Creating temporary directory /mnt/sdb2/CURRENT_WORKING_DEV/f21app2020/root/FtpDeploy/temp
Started at [2020/04/11 02:26]
Config file is /mnt/sdb2/CURRENT_WORKING_DEV/f21app2020/root/FtpDeploy/deploy--js.php

Deploying my site
Note: connection is not encrypted
Error: Directory /mnt/sdb2/CURRENT_WORKING_DEV/f21app2020/rootDIST/www/ not found. in /mnt/sdb2/CURRENT_WORKING_DEV/f21app2020/root/vendor/dg/ftp-deployment/src/Deployment/Deployer.php:74

InvalidArgumentException: Directory /mnt/sdb2/CURRENT_WORKING_DEV/f21app2020/rootDIST/www/ not found. in /mnt/sdb2/CURRENT_WORKING_DEV/f21app2020/root/vendor/dg/ftp-deployment/src/Deployment/Deployer.php:74
Stack trace:
#0 /mnt/sdb2/CURRENT_WORKING_DEV/f21app2020/root/vendor/dg/ftp-deployment/src/Deployment/CliRunner.php(143): Deployment\Deployer->__construct()
#1 /mnt/sdb2/CURRENT_WORKING_DEV/f21app2020/root/vendor/dg/ftp-deployment/src/Deployment/CliRunner.php(78): Deployment\CliRunner->createDeployer()
#2 /mnt/sdb2/CURRENT_WORKING_DEV/f21app2020/root/vendor/dg/ftp-deployment/src/deployment.php(29): Deployment\CliRunner->run()
#3 /mnt/sdb2/CURRENT_WORKING_DEV/f21app2020/root/vendor/dg/ftp-deployment/deployment(3): require('/mnt/sdb2/CURRE...')
#4 {main}
Started at [2020/04/11 02:27]
Config file is /mnt/sdb2/CURRENT_WORKING_DEV/f21app2020/root/FtpDeploy/deploy--js.php

Deploying my site
Note: connection is not encrypted
Live mode
Connecting to server
Remote .htdeployment file not found
Scanning files in /mnt/sdb2/CURRENT_WORKING_DEV/f21app2020/root/DIST/www
Not included ./master-l-prod.css.map    
Not included ./master-d-prod.css.map    
Not included ./master-d-prod.min.css    
Not included ./master-l-prod.min.css    

Uploading:
(1 of 2) /master.min.js
(2 of 2) /.htdeployment
Creating remote file .htdeployment.running

Renaming:
(1 of 2) Renaming /master.min.js
(2 of 2) Renaming /.htdeployment

Deleting remote file .htdeployment.running



Finished at [2020/04/11 02:27] (in 8 seconds)
----------------------------------------------


