Started at [2020/04/11 19:42]
Config file is /mnt/sdb2/CURRENT_WORKING_DEV/f21app2020/root/deploy/deploy--www.php

Deploying my site
Note: connection is not encrypted
Live mode
Connecting to server
Loaded remote .htdeployment file
Scanning files in /mnt/sdb2/CURRENT_WORKING_DEV/f21app2020/root/dist/www

Uploading:
(1 of 2) /master.min.js
(2 of 2) /.htdeployment
Creating remote file .htdeployment.running

Renaming:
(1 of 2) Renaming /master.min.js
(2 of 2) Renaming /.htdeployment

Deleting remote file .htdeployment.running



Finished at [2020/04/11 19:42] (in 9 seconds)
----------------------------------------------


Started at [2020/04/11 20:03]
Config file is /mnt/sdb2/CURRENT_WORKING_DEV/f21app2020/root/deploy/deploy--www.php

Deploying my site
Note: connection is not encrypted
Live mode
Connecting to server
Loaded remote .htdeployment file
Scanning files in /mnt/sdb2/CURRENT_WORKING_DEV/f21app2020/root/dist/www

Uploading:
(1 of 2) /master.min.js
(2 of 2) /.htdeployment
Creating remote file .htdeployment.running

Renaming:
(1 of 2) Renaming /master.min.js
(2 of 2) Renaming /.htdeployment

Deleting remote file .htdeployment.running



Finished at [2020/04/11 20:03] (in 8 seconds)
----------------------------------------------


