Started at [2020/04/11 02:47]
Config file is /mnt/sdb2/CURRENT_WORKING_DEV/f21app2020/root/FtpDeploy/deploy--dist.php

Deploying my site
Note: connection is not encrypted
Live mode
Connecting to server
Loaded remote .htdeployment file
Scanning files in /mnt/sdb2/CURRENT_WORKING_DEV/f21app2020/root/DIST
Ignoring ./assets/var/.gitkeep          
Ignoring ./assets/fonts/.gitkeep        
Ignoring ./vendor                       

Uploading:
( 1 of 16) /admin/Pages/
( 2 of 16) /admin/Pages/6.page.php
( 3 of 16) /admin/Pages/7.page.php
( 4 of 16) /admin/Pages/4.page.php
( 5 of 16) /admin/Pages/5.page.php
( 6 of 16) /admin/Pages/3.page.php
( 7 of 16) /admin/Pages/1.page.php
( 8 of 16) /admin/Pages/2.page.php
( 9 of 16) /admin/index.php
(10 of 16) /admin/Model/
(11 of 16) /admin/Model/registration.class.php
(12 of 16) /admin/Model/login.class.php
(13 of 16) /admin/View/
(14 of 16) /admin/View/registration.view.html.php
(15 of 16) /admin/View/login.view.html.php
(16 of 16) /.htdeployment
Creating remote file .htdeployment.running

Renaming:
( 1 of 13) Renaming /admin/Pages/6.page.php
( 2 of 13) Renaming /admin/Pages/7.page.php
( 3 of 13) Renaming /admin/Pages/4.page.php
( 4 of 13) Renaming /admin/Pages/5.page.php
( 5 of 13) Renaming /admin/Pages/3.page.php
( 6 of 13) Renaming /admin/Pages/1.page.php
( 7 of 13) Renaming /admin/Pages/2.page.php
Error: Entering Passive Mode (185,131,144,174,203,34)
